<?xml version="1.0" encoding="utf-8"?><testsuites name="pytest tests"><testsuite name="pytest" errors="0" failures="0" skipped="0" tests="27" time="2.296" timestamp="2026-06-22T15:00:18.754595+00:00" hostname="agent-env-66f40ef1-b47b-4fc0-9e36-3606120f3ea7"><testcase classname="backend.tests.test_voltgo_backend.TestHealth" name="test_health" time="0.214" /><testcase classname="backend.tests.test_voltgo_backend.TestAuth" name="test_send_otp" time="0.052" /><testcase classname="backend.tests.test_voltgo_backend.TestAuth" name="test_verify_customer" time="0.043" /><testcase classname="backend.tests.test_voltgo_backend.TestAuth" name="test_verify_admin" time="0.053" /><testcase classname="backend.tests.test_voltgo_backend.TestAuth" name="test_verify_otp_invalid_format" time="0.046" /><testcase classname="backend.tests.test_voltgo_backend.TestAuth" name="test_admin_no_autocreate" time="0.046" /><testcase classname="backend.tests.test_voltgo_backend.TestAuth" name="test_new_phone_autocreates_customer" time="0.049" /><testcase classname="backend.tests.test_voltgo_backend.TestAuth" name="test_auth_me" time="0.092" /><testcase classname="backend.tests.test_voltgo_backend.TestAuth" name="test_auth_me_no_token" time="0.042" /><testcase classname="backend.tests.test_voltgo_backend.TestVehiclesFare" name="test_vehicles_list" time="0.042" /><testcase classname="backend.tests.test_voltgo_backend.TestVehiclesFare" name="test_fare_estimate" time="0.046" /><testcase classname="backend.tests.test_voltgo_backend.TestVehiclesFare" name="test_fare_invalid_vehicle" time="0.044" /><testcase classname="backend.tests.test_voltgo_backend.TestBookings" name="test_create_booking_requires_auth" time="0.043" /><testcase classname="backend.tests.test_voltgo_backend.TestBookings" name="test_create_booking" time="0.047" /><testcase classname="backend.tests.test_voltgo_backend.TestBookings" name="test_my_bookings" time="0.047" /><testcase classname="backend.tests.test_voltgo_backend.TestBookings" name="test_get_booking_with_driver_loc" time="0.046" /><testcase classname="backend.tests.test_voltgo_backend.TestBookings" name="test_status_flow" time="0.178" /><testcase classname="backend.tests.test_voltgo_backend.TestDriver" name="test_online_toggle" time="0.090" /><testcase classname="backend.tests.test_voltgo_backend.TestDriver" name="test_available_jobs_filter" time="0.048" /><testcase classname="backend.tests.test_voltgo_backend.TestDriver" name="test_earnings_shape" time="0.049" /><testcase classname="backend.tests.test_voltgo_backend.TestDriver" name="test_driver_cannot_access_others_job" time="0.230" /><testcase classname="backend.tests.test_voltgo_backend.TestAdmin" name="test_stats" time="0.092" /><testcase classname="backend.tests.test_voltgo_backend.TestAdmin" name="test_drivers_list" time="0.052" /><testcase classname="backend.tests.test_voltgo_backend.TestAdmin" name="test_customers_list" time="0.055" /><testcase classname="backend.tests.test_voltgo_backend.TestAdmin" name="test_bookings_list" time="0.047" /><testcase classname="backend.tests.test_voltgo_backend.TestAdmin" name="test_admin_endpoints_reject_non_admin" time="0.194" /><testcase classname="backend.tests.test_voltgo_backend.TestPayments" name="test_initiate_and_verify" time="0.200" /></testsuite></testsuites>